Ag_B1N1S1_with_O2.xyz: Not Converged (Steps=200, Fmax=14453722.1173)
Ag_B1N1S1_with_OOH.xyz: Not Converged (Steps=200, Fmax=66559126.7676)
Ag_B1S2_with_O2.xyz: Not Converged (Steps=200, Fmax=3297120.1382)
Ag_B1S2_with_OOH.xyz: Not Converged (Steps=200, Fmax=10230968692.1409)
Au_B1C1P1_with_O2.xyz: Not Converged (Steps=200, Fmax=0.1496)
Au_B1N1P1_with_O2.xyz: Not Converged (Steps=200, Fmax=0.1291)
Au_B1O1P1S1_with_O2.xyz: Not Converged (Steps=200, Fmax=0.1020)
Au_B1O1S1_with_O2.xyz: Not Converged (Steps=200, Fmax=0.0954)
Au_B1P3_with_O2.xyz: Not Converged (Steps=200, Fmax=0.0450)
Au_B2C1O1-hex_with_O2.xyz: Not Converged (Steps=200, Fmax=0.0195)
Au_B2C1O1-opp_with_O2.xyz: Not Converged (Steps=200, Fmax=0.0426)
Au_B2C1O1-pen_with_O2.xyz: Not Converged (Steps=200, Fmax=0.1623)
Au_B2C1O1-pen_with_OOH.xyz: Not Converged (Steps=200, Fmax=0.0694)
Au_B2C2-opp_with_O2.xyz: Not Converged (Steps=200, Fmax=0.0488)
Au_B2C2-pen_with_OOH.xyz: Not Converged (Steps=200, Fmax=0.1615)
Au_B2N1O1-opp_with_O2.xyz: Not Converged (Steps=200, Fmax=0.0855)
Au_B2N1O1-pen_with_O2.xyz: Not Converged (Steps=200, Fmax=0.2341)
Au_B2N1S1-opp_with_O2.xyz: Not Converged (Steps=200, Fmax=0.1098)
Au_B2N1S1-opp_with_OOH.xyz: Not Converged (Steps=200, Fmax=0.2162)
Au_B2N1S1-pen_with_O2.xyz: Not Converged (Steps=200, Fmax=0.1472)
Au_B2P1S1-pen_with_O2.xyz: Not Converged (Steps=200, Fmax=0.0371)
Au_C1O1P2-opp_with_O2.xyz: Not Converged (Steps=200, Fmax=0.0774)
Au_C1O1P2-pen_with_O2.xyz: Not Converged (Steps=200, Fmax=0.1322)
Au_C1O3_with_OOH.xyz: Not Converged (Steps=200, Fmax=0.0296)
Au_C1P1S2-hex_with_O2.xyz: Not Converged (Steps=200, Fmax=0.0817)
Au_C1P1S2-opp_with_O2.xyz: Not Converged (Steps=200, Fmax=0.0517)
Au_C1P1S2-pen_with_O2.xyz: Not Converged (Steps=200, Fmax=0.2693)
Au_C2O2-hex_with_O2.xyz: Not Converged (Steps=200, Fmax=0.3136)
Au_C2O2-pen_with_O2.xyz: Not Converged (Steps=200, Fmax=0.3373)
Au_C3O1_with_O2.xyz: Not Converged (Steps=200, Fmax=0.1282)
Au_C4_with_O2.xyz: Not Converged (Steps=200, Fmax=0.0395)
Au_N1O1P1S1_with_O2.xyz: Not Converged (Steps=200, Fmax=0.0530)
Au_N1O2P1-opp_with_O2.xyz: Not Converged (Steps=200, Fmax=0.0628)
Au_N1O2P1-pen_with_O2.xyz: Not Converged (Steps=200, Fmax=0.0249)
Au_N1S2_with_O2.xyz: Not Converged (Steps=200, Fmax=0.0395)
Au_N2O1S1-opp_with_O2.xyz: Not Converged (Steps=200, Fmax=0.1033)
Au_N2O1S1-pen_with_O2.xyz: Not Converged (Steps=200, Fmax=0.1082)
Au_N2P1S1-opp_with_O2.xyz: Not Converged (Steps=200, Fmax=0.3518)
Au_O2P2-hex_with_O2.xyz: Not Converged (Steps=200, Fmax=0.1310)
Au_O2P2-opp_with_O2.xyz: Not Converged (Steps=200, Fmax=0.2434)
Au_O2P2-pen_with_O2.xyz: Not Converged (Steps=200, Fmax=0.0348)
Au_O3P1_with_O2.xyz: Not Converged (Steps=200, Fmax=0.0254)
Cd_B1C1O2-hex_with_O2.xyz: Not Converged (Steps=200, Fmax=0.2729)
Cd_B1C1O2-pen_with_O2.xyz: Not Converged (Steps=200, Fmax=0.1024)
Cd_B2C1N1-opp_with_O2.xyz: Not Converged (Steps=200, Fmax=0.0978)
Cd_B2N1S1-hex_with_O2.xyz: Not Converged (Steps=200, Fmax=0.0344)
Cd_B2N1S1-opp_with_O2.xyz: Not Converged (Steps=200, Fmax=0.0393)
Cd_B2N1S1-pen_with_O2.xyz: Not Converged (Steps=200, Fmax=0.0323)
Cd_B2P1_with_O2.xyz: Not Converged (Steps=200, Fmax=0.0339)
Cd_B2S2-hex_with_O2.xyz: Not Converged (Steps=200, Fmax=0.0531)
Cd_B2S2-opp_with_O2.xyz: Not Converged (Steps=200, Fmax=0.0670)
Cd_C1N1P1_with_O2.xyz: Not Converged (Steps=200, Fmax=0.0243)
Cd_C1N1P2-hex_with_O2.xyz: Not Converged (Steps=200, Fmax=0.0516)
Cd_C1O1P2-hex_with_O2.xyz: Not Converged (Steps=200, Fmax=0.1278)
Cd_C1O1P2-pen_with_O2.xyz: Not Converged (Steps=200, Fmax=0.0973)
Cd_C1P1S2-opp_with_O2.xyz: Not Converged (Steps=200, Fmax=0.0292)
Cd_C1P1S2-pen_with_OOH.xyz: Not Converged (Steps=200, Fmax=0.0628)
Cd_C3O1_with_O2.xyz: Not Converged (Steps=200, Fmax=0.0387)
Cd_C4_with_O2.xyz: Not Converged (Steps=200, Fmax=0.7279)
Cd_O1P1S2-pen_with_O2.xyz: Not Converged (Steps=200, Fmax=0.0381)
Co_B1C1P2-opp_with_OOH.xyz: Not Converged (Steps=200, Fmax=0.0221)
Co_B1O1P2-hex_with_O2.xyz: Not Converged (Steps=200, Fmax=0.4598)
Co_B1O1P2-pen_with_OOH.xyz: Not Converged (Steps=200, Fmax=0.3087)
Co_B1S3_with_OOH.xyz: Not Converged (Steps=200, Fmax=1.0140)
Co_B3N1_with_O2.xyz: Not Converged (Steps=200, Fmax=0.1227)
Co_C2P2-opp_with_OOH.xyz: Not Converged (Steps=200, Fmax=0.0236)
Co_O1P3_with_OOH.xyz: Not Converged (Steps=200, Fmax=0.0874)
Cr_B1C2P1-opp_with_O2.xyz: Not Converged (Steps=200, Fmax=0.0229)
Cr_B1N1O1_with_OOH.xyz: Not Converged (Steps=200, Fmax=0.0215)
Cr_B1N2P1-hex_with_O2.xyz: Not Converged (Steps=200, Fmax=0.1289)
Cr_B1N2P1-opp_with_O2.xyz: Not Converged (Steps=200, Fmax=0.1478)
Cr_C2P1_with_OOH.xyz: Not Converged (Steps=200, Fmax=0.0484)
Cr_N2O1_with_OOH.xyz: Not Converged (Steps=200, Fmax=0.1631)
Cr_O3_with_O2.xyz: Not Converged (Steps=200, Fmax=0.1652)
Cr_P1S2_with_OOH.xyz: Not Converged (Steps=200, Fmax=0.0594)
Cu_B1C1O2-opp_with_OOH.xyz: Not Converged (Steps=200, Fmax=0.0513)
Mn_N1O1P1_with_O2.xyz: Not Converged (Steps=200, Fmax=1.5028)
Mn_B2C2-opp_with_O2.xyz: Not Converged (Steps=200, Fmax=0.0346)
Mn_B2C2-opp_with_OOH.xyz: Not Converged (Steps=200, Fmax=0.3328)
Mn_B2P2-hex_with_O2.xyz: Not Converged (Steps=200, Fmax=0.1551)
Mn_B2P2-opp_with_O2.xyz: Not Converged (Steps=200, Fmax=0.1314)
Mn_B2P2-opp_with_OOH.xyz: Not Converged (Steps=200, Fmax=0.0827)
Mn_B2P2-pen_with_OOH.xyz: Not Converged (Steps=200, Fmax=0.3064)
Mn_C1N1S1_with_O2.xyz: Not Converged (Steps=200, Fmax=914473.0733)
Cu_B1P1S1_with_O2.xyz: Not Converged (Steps=200, Fmax=0.0605)
Mn_B1N1P2-pen_with_O2.xyz: Not Converged (Steps=200, Fmax=0.1547)
Mn_B2C1O1-opp_with_OOH.xyz: Not Converged (Steps=200, Fmax=0.1247)
Mn_B2C1P1-opp_with_O2.xyz: Not Converged (Steps=200, Fmax=0.0293)
Mn_B2C1P1-pen_with_O2.xyz: Not Converged (Steps=200, Fmax=0.1846)
Ir_C2P2-hex_with_O2.xyz: Not Converged (Steps=200, Fmax=1794101.0094)
Ir_C2P2-opp_with_O2.xyz: Not Converged (Steps=200, Fmax=5501340.9007)
Ir_N1O2_with_O2.xyz: Not Converged (Steps=200, Fmax=4667942.5843)
Ir_N2O2-hex_with_O2.xyz: Not Converged (Steps=200, Fmax=31332773.2611)
Ir_N2O2-opp_with_O2.xyz: Not Converged (Steps=200, Fmax=7672468.0388)
Ir_N2O2-pen_with_O2.xyz: Not Converged (Steps=200, Fmax=7459650.0739)
Ir_P2S2-hex_with_OOH.xyz: Not Converged (Steps=200, Fmax=0.0336)
Ir_P2S2-opp_with_O2.xyz: Not Converged (Steps=200, Fmax=5786697.3373)
Ir_P3S1_with_O2.xyz: Not Converged (Steps=200, Fmax=8916812.4138)
Mn_B1C1S1_with_O2.xyz: Not Converged (Steps=200, Fmax=0.0671)
Ir_B2N1S1-opp_with_O2.xyz: Not Converged (Steps=200, Fmax=21240365.0469)
Ir_B2N1S1-pen_with_O2.xyz: Not Converged (Steps=200, Fmax=3051847.4523)
Ir_B3S1_with_O2.xyz: Not Converged (Steps=200, Fmax=2529553.8279)
Ir_C1N1O1_with_O2.xyz: Not Converged (Steps=200, Fmax=10289318.5122)
Ir_C1N2O1-hex_with_O2.xyz: Not Converged (Steps=200, Fmax=8067368.8555)
Ir_C1N2O1-opp_with_O2.xyz: Not Converged (Steps=200, Fmax=3470842.1663)
Ir_C1N2O1-pen_with_O2.xyz: Not Converged (Steps=200, Fmax=34273308.1829)
Ir_C1P1S1_with_O2.xyz: Not Converged (Steps=200, Fmax=152681377.7167)
Ir_C1P1S1_with_OOH.xyz: Not Converged (Steps=200, Fmax=7128378.2126)
Ir_C2N1_with_O2.xyz: Not Converged (Steps=200, Fmax=872805.3180)
Ir_C2O2-hex_with_O2.xyz: Not Converged (Steps=200, Fmax=17789159.7525)
Ir_C2O2-opp_with_O2.xyz: Not Converged (Steps=200, Fmax=20188000.4763)
Ir_B1C1N1P1_with_O2.xyz: Not Converged (Steps=200, Fmax=29397052.6246)
Ir_B1N1P1_with_O2.xyz: Not Converged (Steps=200, Fmax=29459488.0352)
Ir_B1N2P1-opp_with_O2.xyz: Not Converged (Steps=200, Fmax=13610266.9332)
Hg_C1O1P2-hex_with_O2.xyz: Not Converged (Steps=200, Fmax=0.1091)
Hg_C2P1S1-hex_with_O2.xyz: Not Converged (Steps=200, Fmax=0.0310)
Hg_B2C1O1-hex_with_O2.xyz: Not Converged (Steps=200, Fmax=0.1199)
Hg_B2C1O1-pen_with_O2.xyz: Not Converged (Steps=200, Fmax=0.0335)
Hg_B3C1_with_O2.xyz: Not Converged (Steps=200, Fmax=0.0660)
Hg_B3P1_with_O2.xyz: Not Converged (Steps=200, Fmax=0.0792)
Hg_C1N1P2-hex_with_O2.xyz: Not Converged (Steps=200, Fmax=0.1120)
Cu_B2N2-hex_with_O2.xyz: Not Converged (Steps=200, Fmax=0.1281)
Hf_N3_with_O2.xyz: Not Converged (Steps=200, Fmax=3.2311)
Hf_O2S1_with_O2.xyz: Not Converged (Steps=200, Fmax=0.2070)
Hf_P1S2_with_O2.xyz: Not Converged (Steps=200, Fmax=5556049.9047)
Hf_P2S1_with_O2.xyz: Not Converged (Steps=200, Fmax=0.0909)
Hf_P2S1_with_OOH.xyz: Not Converged (Steps=200, Fmax=0.0697)
Hg_B1C1N1S1_with_O2.xyz: Not Converged (Steps=200, Fmax=0.0557)
Hg_B1C1O1S1_with_O2.xyz: Not Converged (Steps=200, Fmax=0.0618)
Hg_B1C1O2-pen_with_O2.xyz: Not Converged (Steps=200, Fmax=0.1516)
Hf_B2S2-opp_with_O2.xyz: Not Converged (Steps=200, Fmax=0.6888)
Hf_C1O1S1_with_O2.xyz: Not Converged (Steps=200, Fmax=0.0970)
Hf_C2O1S1-opp_with_O2.xyz: Not Converged (Steps=200, Fmax=0.0966)
Hf_C3_with_O2.xyz: Not Converged (Steps=200, Fmax=2783124.8930)
Hf_B1O1S1_with_O2.xyz: Not Converged (Steps=200, Fmax=3785980.2587)
Hf_B1O2_with_O2.xyz: Not Converged (Steps=200, Fmax=0.6024)
Hf_B1O2S1-pen_with_O2.xyz: Not Converged (Steps=200, Fmax=0.0215)
Fe_C2O1P1-pen_with_O2.xyz: Not Converged (Steps=200, Fmax=0.3098)
Fe_O1P1S2-opp_with_OOH.xyz: Not Converged (Steps=200, Fmax=0.0469)
Fe_C1P2S1-pen_with_OOH.xyz: Not Converged (Steps=200, Fmax=0.0922)
Fe_B1C1N1O1_with_OOH.xyz: Not Converged (Steps=200, Fmax=0.0221)
Cu_C1O2P1-hex_with_O2.xyz: Not Converged (Steps=200, Fmax=0.0432)
Cu_C2O2-opp_with_OOH.xyz: Not Converged (Steps=200, Fmax=0.0579)
Mn_N1P3_with_O2.xyz: Not Converged (Steps=200, Fmax=0.1944)
Mn_N1P3_with_OOH.xyz: Not Converged (Steps=200, Fmax=0.0368)
Mn_O1S2_with_O2.xyz: Not Converged (Steps=200, Fmax=0.0558)
Mn_O2P1_with_O2.xyz: Not Converged (Steps=200, Fmax=0.0223)
Mn_O4_with_O2.xyz: Not Converged (Steps=200, Fmax=1744712.9239)
Mn_P3S1_with_O2.xyz: Not Converged (Steps=200, Fmax=0.0896)
Mn_P3S1_with_OOH.xyz: Not Converged (Steps=200, Fmax=0.0610)
Mn_S3_with_O2.xyz: Not Converged (Steps=200, Fmax=0.4033)
Mo_B1C1O2-pen_with_OOH.xyz: Not Converged (Steps=200, Fmax=0.1015)
Mo_B1C2O1-hex_with_O2.xyz: Not Converged (Steps=200, Fmax=0.0558)
Mo_B1C2O1-pen_with_OOH.xyz: Not Converged (Steps=200, Fmax=0.0396)
Mo_B1N1O1S1_with_O2.xyz: Not Converged (Steps=200, Fmax=0.0860)
Mo_B1N1P1S1_with_OOH.xyz: Not Converged (Steps=200, Fmax=0.0917)
Mo_B1N1S2-hex_with_O2.xyz: Not Converged (Steps=200, Fmax=0.0681)
Mo_B1N1S2-opp_with_OOH.xyz: Not Converged (Steps=200, Fmax=0.0446)
Mo_B1N1S2-pen_with_OOH.xyz: Not Converged (Steps=200, Fmax=0.4005)
Mo_B1O1P2-opp_with_O2.xyz: Not Converged (Steps=200, Fmax=0.0658)
Mo_B1O1P2-opp_with_OOH.xyz: Not Converged (Steps=200, Fmax=0.0273)
Mo_B1O1P2-pen_with_OOH.xyz: Not Converged (Steps=200, Fmax=0.0969)
Mo_B1P1S2-opp_with_OOH.xyz: Not Converged (Steps=200, Fmax=0.0167)
Mo_B1P2S1-pen_with_OOH.xyz: Not Converged (Steps=200, Fmax=0.3227)
Mo_B2N1P1-hex_with_O2.xyz: Not Converged (Steps=200, Fmax=0.0752)
Mo_B2N1P1-pen_with_OOH.xyz: Not Converged (Steps=200, Fmax=0.1214)
Mo_B2O1S1-hex_with_O2.xyz: Not Converged (Steps=200, Fmax=0.0267)
Mo_B2O1S1-opp_with_O2.xyz: Not Converged (Steps=200, Fmax=0.0451)
Mo_B2O1S1-pen_with_O2.xyz: Not Converged (Steps=200, Fmax=0.2088)
Mo_B2O1S1-pen_with_OOH.xyz: Not Converged (Steps=200, Fmax=0.0428)
Mo_B2P1_with_O2.xyz: Not Converged (Steps=200, Fmax=0.0248)
Mo_B3O1_with_OOH.xyz: Not Converged (Steps=200, Fmax=0.0679)
Mo_C1N1P1_with_O2.xyz: Not Converged (Steps=200, Fmax=0.1104)
Mo_C1O1S2-opp_with_O2.xyz: Not Converged (Steps=200, Fmax=0.0475)
Mo_C1O1S2-pen_with_OOH.xyz: Not Converged (Steps=200, Fmax=0.0249)
Mo_C1P1S2-pen_with_OOH.xyz: Not Converged (Steps=200, Fmax=0.4741)
Mo_C1S3_with_OOH.xyz: Not Converged (Steps=200, Fmax=0.0429)
Mo_C2P2-opp_with_OOH.xyz: Not Converged (Steps=200, Fmax=0.0656)
Mo_N2O1S1-hex_with_OOH.xyz: Not Converged (Steps=200, Fmax=0.0220)
Mo_N2O1S1-pen_with_O2.xyz: Not Converged (Steps=200, Fmax=0.1511)
Mo_N2O1S1-pen_with_OOH.xyz: Not Converged (Steps=200, Fmax=0.0463)
Mo_N2P1S1-opp_with_OOH.xyz: Not Converged (Steps=200, Fmax=0.0714)
Mo_O1P1S2-hex_with_O2.xyz: Not Converged (Steps=200, Fmax=0.0449)
Mo_O1P1S2-hex_with_OOH.xyz: Not Converged (Steps=200, Fmax=0.0359)
Mo_O1P2S1-hex_with_OOH.xyz: Not Converged (Steps=200, Fmax=0.0412)
Mo_O1P2S1-opp_with_OOH.xyz: Not Converged (Steps=200, Fmax=0.1022)
Mo_O3S1_with_O2.xyz: Not Converged (Steps=200, Fmax=0.1764)
Nb_B1C1N2-hex_with_O2.xyz: Not Converged (Steps=200, Fmax=10190690.5031)
Nb_B1C1N2-opp_with_O2.xyz: Not Converged (Steps=200, Fmax=8405772.5763)
Nb_B1C1N2-pen_with_O2.xyz: Not Converged (Steps=200, Fmax=13378042.7503)
Nb_B1C2_with_O2.xyz: Not Converged (Steps=200, Fmax=7697148.8354)
Nb_B1C2_with_OOH.xyz: Not Converged (Steps=200, Fmax=0.2243)
Nb_B1C2O1-hex_with_O2.xyz: Not Converged (Steps=200, Fmax=2.0309)
Nb_B1C2O1-opp_with_O2.xyz: Not Converged (Steps=200, Fmax=0.9925)
Nb_B1C2O1-pen_with_O2.xyz: Not Converged (Steps=200, Fmax=1.0740)
Nb_B1C2S1-hex_with_O2.xyz: Not Converged (Steps=200, Fmax=0.8349)
Nb_B1C2S1-opp_with_O2.xyz: Not Converged (Steps=200, Fmax=1.2657)
Nb_B1C2S1-pen_with_O2.xyz: Not Converged (Steps=200, Fmax=8973333.4025)
Nb_B1N1O1S1_with_O2.xyz: Not Converged (Steps=200, Fmax=1.5440)
Nb_B1P1S1_with_O2.xyz: Not Converged (Steps=200, Fmax=6614409.9017)
Nb_B2N1O1-hex_with_O2.xyz: Not Converged (Steps=200, Fmax=0.1314)
Nb_B2N1O1-opp_with_O2.xyz: Not Converged (Steps=200, Fmax=1.0325)
Nb_B2O1S1-hex_with_O2.xyz: Not Converged (Steps=200, Fmax=7878799.0354)
Nb_B2O1S1-hex_with_OOH.xyz: Not Converged (Steps=200, Fmax=0.1070)
Nb_B2O1S1-opp_with_O2.xyz: Not Converged (Steps=200, Fmax=8540758.9164)
Nb_B2O1S1-pen_with_O2.xyz: Not Converged (Steps=200, Fmax=2399457.8561)
Nb_B2P1_with_O2.xyz: Not Converged (Steps=200, Fmax=0.2342)
Nb_B2P1_with_OOH.xyz: Not Converged (Steps=200, Fmax=0.1136)
Nb_B3O1_with_O2.xyz: Not Converged (Steps=200, Fmax=0.8417)
Nb_C1N1S1_with_O2.xyz: Not Converged (Steps=200, Fmax=1.4091)
Nb_C1O1P1S1_with_O2.xyz: Not Converged (Steps=200, Fmax=0.2956)
Nb_C1O1S2-hex_with_O2.xyz: Not Converged (Steps=200, Fmax=9811238.3990)
Nb_C1O1S2-opp_with_O2.xyz: Not Converged (Steps=200, Fmax=25374596.8654)
Nb_C1O1S2-pen_with_O2.xyz: Not Converged (Steps=200, Fmax=0.1639)
Nb_C1P2S1-hex_with_O2.xyz: Not Converged (Steps=200, Fmax=7494475.4982)
Nb_C1P3_with_O2.xyz: Not Converged (Steps=200, Fmax=0.5656)
Nb_C2N1_with_O2.xyz: Not Converged (Steps=200, Fmax=5882266.7709)
Nb_C2N2-hex_with_O2.xyz: Not Converged (Steps=200, Fmax=13675214.8638)
Nb_C2N2-opp_with_O2.xyz: Not Converged (Steps=200, Fmax=11285835.4237)
Nb_C2N2-pen_with_O2.xyz: Not Converged (Steps=200, Fmax=13927008.9115)
Nb_C3_with_O2.xyz: Not Converged (Steps=200, Fmax=10663516.4667)
Nb_C3_with_OOH.xyz: Not Converged (Steps=200, Fmax=0.0368)
Nb_N1S2_with_O2.xyz: Not Converged (Steps=200, Fmax=9852119.5623)
Nb_N1S2_with_OOH.xyz: Not Converged (Steps=200, Fmax=0.0964)
Nb_N3_with_O2.xyz: Not Converged (Steps=200, Fmax=27058774.1649)
Nb_N3O1_with_O2.xyz: Not Converged (Steps=200, Fmax=4790407.3741)
Nb_N4_with_O2.xyz: Not Converged (Steps=200, Fmax=15709727.5473)
Nb_O1S2_with_O2.xyz: Not Converged (Steps=200, Fmax=47338331.7792)
Nb_P3S1_with_O2.xyz: Not Converged (Steps=200, Fmax=5339694.3684)
Nb_P4_with_O2.xyz: Not Converged (Steps=200, Fmax=3.3574)
Ni_B1P2_with_O2.xyz: Not Converged (Steps=200, Fmax=0.5098)
Ni_B2C1N1-hex_with_O2.xyz: Not Converged (Steps=200, Fmax=0.7600)
Ni_B2C1N1-opp_with_O2.xyz: Not Converged (Steps=200, Fmax=6330859.3395)
Ni_B2C1N1-pen_with_O2.xyz: Not Converged (Steps=200, Fmax=1.1991)
Ni_B2N1O1-hex_with_O2.xyz: Not Converged (Steps=200, Fmax=0.0295)
Ni_B2N1O1-hex_with_OOH.xyz: Not Converged (Steps=200, Fmax=0.0233)
Ni_B2N1O1-opp_with_O2.xyz: Not Converged (Steps=200, Fmax=6314838.4756)
Ni_B2O1P1-pen_with_OOH.xyz: Not Converged (Steps=200, Fmax=0.1365)
Ni_B2O2-opp_with_OOH.xyz: Not Converged (Steps=200, Fmax=0.0248)
Ni_B2O2-pen_with_O2.xyz: Not Converged (Steps=200, Fmax=0.0355)
Ni_C1N1O2-pen_with_O2.xyz: Not Converged (Steps=200, Fmax=0.0454)
Ni_C1O1P2-hex_with_O2.xyz: Not Converged (Steps=200, Fmax=0.0673)
Ni_C1O1P2-opp_with_O2.xyz: Not Converged (Steps=200, Fmax=0.1187)
Ni_N1P1S1_with_OOH.xyz: Not Converged (Steps=200, Fmax=0.4567)
Ni_N3O1_with_O2.xyz: Not Converged (Steps=200, Fmax=0.1173)
Ni_O3_with_O2.xyz: Not Converged (Steps=200, Fmax=0.3123)
Ni_P4_with_O2.xyz: Not Converged (Steps=200, Fmax=1787453.1732)
Os_B1C1P1_with_O2.xyz: Not Converged (Steps=200, Fmax=13074708.7234)
Os_B1P1S1_with_O2.xyz: Not Converged (Steps=200, Fmax=12068982.5074)
Os_B1P1S2-hex_with_OOH.xyz: Not Converged (Steps=200, Fmax=0.1870)
Os_B1P1S2-opp_with_O2.xyz: Not Converged (Steps=200, Fmax=0.1526)
Os_B2C1S1-hex_with_O2.xyz: Not Converged (Steps=200, Fmax=7240583.6567)
Os_B2C1S1-opp_with_O2.xyz: Not Converged (Steps=200, Fmax=7854239.5846)
Os_B2C1S1-pen_with_O2.xyz: Not Converged (Steps=200, Fmax=8983342.3220)
Os_B2N1O1-hex_with_O2.xyz: Not Converged (Steps=200, Fmax=13088227.5959)
Os_B2N1O1-opp_with_O2.xyz: Not Converged (Steps=200, Fmax=9931500.6049)
Os_B2P1_with_O2.xyz: Not Converged (Steps=200, Fmax=10691201.0019)
Os_B2S2-pen_with_O2.xyz: Not Converged (Steps=200, Fmax=23142805.5915)
Os_B3N1_with_O2.xyz: Not Converged (Steps=200, Fmax=5037317.0459)
Os_B3S1_with_O2.xyz: Not Converged (Steps=200, Fmax=25927634.6920)
Os_C1N1O1_with_O2.xyz: Not Converged (Steps=200, Fmax=45946058.0484)
Os_C1N1P1_with_O2.xyz: Not Converged (Steps=200, Fmax=6490339.1519)
Os_C1N1S2-pen_with_O2.xyz: Not Converged (Steps=200, Fmax=13273978.4137)
Os_C1N2_with_O2.xyz: Not Converged (Steps=200, Fmax=9303112.8961)
Os_C1P1S1_with_O2.xyz: Not Converged (Steps=200, Fmax=5650592.0850)
Os_C1P2_with_O2.xyz: Not Converged (Steps=200, Fmax=13100725.0756)
Os_C2N2-hex_with_O2.xyz: Not Converged (Steps=200, Fmax=16846011.0244)
Os_C2N2-opp_with_O2.xyz: Not Converged (Steps=200, Fmax=11228945.5376)
Os_C2N2-pen_with_O2.xyz: Not Converged (Steps=200, Fmax=22669937.9015)
Os_N1O2_with_O2.xyz: Not Converged (Steps=200, Fmax=20089615.2392)
Os_N1O2_with_OOH.xyz: Not Converged (Steps=200, Fmax=0.0545)
Os_N1O2P1-hex_with_O2.xyz: Not Converged (Steps=200, Fmax=0.0212)
Os_N1S3_with_OOH.xyz: Not Converged (Steps=200, Fmax=0.0538)
Os_N2O2-hex_with_OOH.xyz: Not Converged (Steps=200, Fmax=0.0466)
Os_N2O2-opp_with_O2.xyz: Not Converged (Steps=200, Fmax=16340835.2532)
Os_N2O2-pen_with_O2.xyz: Not Converged (Steps=200, Fmax=17865615.9546)
Os_N2P1_with_O2.xyz: Not Converged (Steps=200, Fmax=21389004.0826)
Os_N3P1_with_O2.xyz: Not Converged (Steps=200, Fmax=7657137.3919)
Os_O1S3_with_OOH.xyz: Not Converged (Steps=200, Fmax=0.8826)
Os_O2P1_with_OOH.xyz: Not Converged (Steps=200, Fmax=0.0258)
Pd_B1C1N2-hex_with_O2.xyz: Not Converged (Steps=200, Fmax=0.0330)
Pd_B1C2S1-hex_with_O2.xyz: Not Converged (Steps=200, Fmax=0.1034)
Pd_B1C2S1-opp_with_OOH.xyz: Not Converged (Steps=200, Fmax=0.2198)
Pd_B1N2S1-hex_with_OOH.xyz: Not Converged (Steps=200, Fmax=0.0435)
Pd_B1N2S1-opp_with_OOH.xyz: Not Converged (Steps=200, Fmax=0.2153)
Pd_B1O1S2-hex_with_OOH.xyz: Not Converged (Steps=200, Fmax=0.0386)
Pd_B1O1S2-opp_with_O2.xyz: Not Converged (Steps=200, Fmax=0.0237)
Pd_B1O1S2-pen_with_OOH.xyz: Not Converged (Steps=200, Fmax=0.0241)
Pd_B2S2-opp_with_OOH.xyz: Not Converged (Steps=200, Fmax=0.0557)
Pt_B1N2_with_O2.xyz: Not Converged (Steps=200, Fmax=0.2215)
Pd_C1S2_with_O2.xyz: Not Converged (Steps=200, Fmax=0.0279)
Pd_C1S2_with_OOH.xyz: Not Converged (Steps=200, Fmax=0.1822)
Pd_C2N1S1-hex_with_OOH.xyz: Not Converged (Steps=200, Fmax=0.1162)
Pd_N1O2S1-hex_with_OOH.xyz: Not Converged (Steps=200, Fmax=0.0447)
Pd_N1O2S1-pen_with_OOH.xyz: Not Converged (Steps=200, Fmax=0.0680)
Pd_N1P2_with_O2.xyz: Not Converged (Steps=200, Fmax=0.0598)
Pd_N2P1_with_O2.xyz: Not Converged (Steps=200, Fmax=0.0458)
Pd_N2S2-hex_with_OOH.xyz: Not Converged (Steps=200, Fmax=0.0173)
Pd_N2S2-opp_with_OOH.xyz: Not Converged (Steps=200, Fmax=0.1106)
Pd_O1P2S1-pen_with_O2.xyz: Not Converged (Steps=200, Fmax=0.0841)
Pd_O1P2S1-pen_with_OOH.xyz: Not Converged (Steps=200, Fmax=0.1326)
Pd_O2P1S1-opp_with_OOH.xyz: Not Converged (Steps=200, Fmax=0.0310)
Pd_O2S2-hex_with_O2.xyz: Not Converged (Steps=200, Fmax=0.0629)
Pd_O2S2-opp_with_O2.xyz: Not Converged (Steps=200, Fmax=0.0661)
Pd_O2S2-pen_with_O2.xyz: Not Converged (Steps=200, Fmax=0.0770)
Pd_O2S2-pen_with_OOH.xyz: Not Converged (Steps=200, Fmax=0.0308)
Pd_P1S3_with_OOH.xyz: Not Converged (Steps=200, Fmax=0.6418)
Pt_B1C1O2-hex_with_O2.xyz: Not Converged (Steps=200, Fmax=0.0268)
Pt_B1C1O2-hex_with_OOH.xyz: Not Converged (Steps=200, Fmax=0.0662)
Pt_B1C1O2-opp_with_O2.xyz: Not Converged (Steps=200, Fmax=0.1116)
Pt_B1C1O2-pen_with_O2.xyz: Not Converged (Steps=200, Fmax=2483673.5536)
Pt_B1C1S1_with_O2.xyz: Not Converged (Steps=200, Fmax=0.2191)
Pt_B1C1S1_with_OOH.xyz: Not Converged (Steps=200, Fmax=0.0892)
Pt_B1C2P1-hex_with_O2.xyz: Not Converged (Steps=200, Fmax=0.0458)
Pt_B1C2P1-opp_with_OOH.xyz: Not Converged (Steps=200, Fmax=0.0318)
Pt_B1P1S1_with_O2.xyz: Not Converged (Steps=200, Fmax=0.3967)
Pt_B1P1S1_with_OOH.xyz: Not Converged (Steps=200, Fmax=0.1273)
Pt_B2N1O1-hex_with_O2.xyz: Not Converged (Steps=200, Fmax=2071220.0845)
Pt_B2N1O1-opp_with_O2.xyz: Not Converged (Steps=200, Fmax=0.3468)
Pt_B2N1O1-pen_with_O2.xyz: Not Converged (Steps=200, Fmax=2044501.9973)
Pt_B2O1S1-hex_with_O2.xyz: Not Converged (Steps=200, Fmax=0.0955)
Pt_B2O1S1-opp_with_O2.xyz: Not Converged (Steps=200, Fmax=0.4742)
Pt_B2O1S1-opp_with_OOH.xyz: Not Converged (Steps=200, Fmax=1.3087)
Pt_B2O1S1-pen_with_O2.xyz: Not Converged (Steps=200, Fmax=0.2935)
Pt_B3_with_O2.xyz: Not Converged (Steps=200, Fmax=0.4397)
Ta_B2N1S1-opp_with_O2.xyz: Not Converged (Steps=200, Fmax=0.1305)
Ta_B2O1P1-pen_with_O2.xyz: Not Converged (Steps=200, Fmax=2.0763)
Ta_B2O1S1-pen_with_O2.xyz: Not Converged (Steps=200, Fmax=0.0525)
Ta_B3N1_with_O2.xyz: Not Converged (Steps=200, Fmax=0.3371)
Ta_C1O1S2-hex_with_O2.xyz: Not Converged (Steps=200, Fmax=0.1403)
Ta_C1P1S1_with_O2.xyz: Not Converged (Steps=200, Fmax=0.2395)
Sc_N3S1_with_O2.xyz: Not Converged (Steps=200, Fmax=0.8677)
Sc_O2P2-hex_with_O2.xyz: Not Converged (Steps=200, Fmax=0.8117)
Sc_O2P2-hex_with_OOH.xyz: Not Converged (Steps=200, Fmax=0.2323)
Sc_O2P2-opp_with_O2.xyz: Not Converged (Steps=200, Fmax=0.2705)
Sc_O2P2-pen_with_O2.xyz: Not Converged (Steps=200, Fmax=0.3410)
Sc_O2P2-pen_with_OOH.xyz: Not Converged (Steps=200, Fmax=0.2462)
Sc_O2S2-opp_with_O2.xyz: Not Converged (Steps=200, Fmax=0.2861)
Sc_O4_with_O2.xyz: Not Converged (Steps=200, Fmax=0.2684)
Sc_P4_with_O2.xyz: Not Converged (Steps=200, Fmax=22761709.9776)
Ta_B1C1S1_with_O2.xyz: Not Converged (Steps=200, Fmax=0.0240)
Ta_B1C2O1-hex_with_O2.xyz: Not Converged (Steps=200, Fmax=0.0319)
Ta_B1N2S1-hex_with_O2.xyz: Not Converged (Steps=200, Fmax=0.5471)
Ta_B1N2S1-opp_with_O2.xyz: Not Converged (Steps=200, Fmax=0.0727)
Ta_B1N2S1-pen_with_O2.xyz: Not Converged (Steps=200, Fmax=0.0421)
Ta_B1P2S1-hex_with_O2.xyz: Not Converged (Steps=200, Fmax=0.0749)
Ru_C2P1_with_O2.xyz: Not Converged (Steps=200, Fmax=0.1521)
Ru_C2S1_with_O2.xyz: Not Converged (Steps=200, Fmax=0.0395)
Ru_C3_with_O2.xyz: Not Converged (Steps=200, Fmax=0.0705)
Sc_C1O2_with_O2.xyz: Not Converged (Steps=200, Fmax=0.5337)
Sc_C1P2S1-opp_with_O2.xyz: Not Converged (Steps=200, Fmax=0.7441)
Sc_C1P2S1-opp_with_OOH.xyz: Not Converged (Steps=200, Fmax=0.0178)
Sc_C1S2_with_O2.xyz: Not Converged (Steps=200, Fmax=0.2461)
Sc_C2O1P1-hex_with_O2.xyz: Not Converged (Steps=200, Fmax=0.8983)
Sc_C2O1P1-opp_with_O2.xyz: Not Converged (Steps=200, Fmax=0.8260)
Sc_C2O1P1-pen_with_O2.xyz: Not Converged (Steps=200, Fmax=0.4423)
Sc_C2P2-hex_with_O2.xyz: Not Converged (Steps=200, Fmax=0.5159)
Sc_C2P2-opp_with_O2.xyz: Not Converged (Steps=200, Fmax=0.6767)
Sc_C2P2-pen_with_O2.xyz: Not Converged (Steps=200, Fmax=0.2385)
Sc_C3_with_O2.xyz: Not Converged (Steps=200, Fmax=11713163.1389)
Sc_N1O1P2-hex_with_O2.xyz: Not Converged (Steps=200, Fmax=0.6596)
Sc_N1O1P2-hex_with_OOH.xyz: Not Converged (Steps=200, Fmax=0.4201)
Sc_N1O1P2-opp_with_O2.xyz: Not Converged (Steps=200, Fmax=0.7279)
Sc_N1O1P2-pen_with_O2.xyz: Not Converged (Steps=200, Fmax=739475.6248)
Sc_N1O1P2-pen_with_OOH.xyz: Not Converged (Steps=200, Fmax=0.1673)
Sc_N2P2-hex_with_O2.xyz: Not Converged (Steps=200, Fmax=1.3985)
Sc_N2P2-opp_with_O2.xyz: Not Converged (Steps=200, Fmax=5718123.8764)
Sc_N2P2-pen_with_O2.xyz: Not Converged (Steps=200, Fmax=0.5826)
Sc_N2S2-hex_with_O2.xyz: Not Converged (Steps=200, Fmax=3514292985.2717)
Sc_N2S2-opp_with_O2.xyz: Not Converged (Steps=200, Fmax=5331647.1405)
Sc_N2S2-pen_with_O2.xyz: Not Converged (Steps=200, Fmax=289.2920)
Ru_C3N1_with_O2.xyz: Not Converged (Steps=200, Fmax=626660.1285)
Sc_B1N1P1_with_O2.xyz: Not Converged (Steps=200, Fmax=0.3725)
Sc_B1N1P1_with_OOH.xyz: Not Converged (Steps=200, Fmax=0.0272)
Sc_B1N1S1_with_O2.xyz: Not Converged (Steps=200, Fmax=0.3500)
Sc_B1O3_with_O2.xyz: Not Converged (Steps=200, Fmax=1.1174)
Sc_B1P1S1_with_O2.xyz: Not Converged (Steps=200, Fmax=3323001.4773)
Sc_B1P1S1_with_OOH.xyz: Not Converged (Steps=200, Fmax=0.0542)
Sc_B2C1_with_O2.xyz: Not Converged (Steps=200, Fmax=0.2922)
Sc_B2N2-hex_with_O2.xyz: Not Converged (Steps=200, Fmax=0.5343)
Sc_B2N2-opp_with_O2.xyz: Not Converged (Steps=200, Fmax=6858761.8622)
Sc_B2N2-pen_with_O2.xyz: Not Converged (Steps=200, Fmax=0.3925)
Sc_B2O1_with_O2.xyz: Not Converged (Steps=200, Fmax=0.1536)
Sc_B3_with_O2.xyz: Not Converged (Steps=200, Fmax=7781876.1786)
Sc_B3O1_with_O2.xyz: Not Converged (Steps=200, Fmax=2.5403)
Ru_O2P1S1-hex_with_OOH.xyz: Not Converged (Steps=200, Fmax=0.0396)
Ru_O2P2-hex_with_O2.xyz: Not Converged (Steps=200, Fmax=10335251.9633)
Ru_O2P2-opp_with_O2.xyz: Not Converged (Steps=200, Fmax=10773927.1255)
Ru_O2P2-pen_with_O2.xyz: Not Converged (Steps=200, Fmax=0.0693)
Sc_B1C1P1_with_O2.xyz: Not Converged (Steps=200, Fmax=0.5855)
Sc_B1C1P2-hex_with_O2.xyz: Not Converged (Steps=200, Fmax=0.8849)
Sc_B1C1P2-opp_with_O2.xyz: Not Converged (Steps=200, Fmax=0.2284)
Sc_B1C1P2-pen_with_O2.xyz: Not Converged (Steps=200, Fmax=0.1296)
Sc_B1C2S1-hex_with_O2.xyz: Not Converged (Steps=200, Fmax=0.5890)
Sc_B1C2S1-opp_with_O2.xyz: Not Converged (Steps=200, Fmax=0.0451)
Sc_B1C2S1-pen_with_O2.xyz: Not Converged (Steps=200, Fmax=9863499.9720)
Sc_B1N1O1S1_with_O2.xyz: Not Converged (Steps=200, Fmax=0.6628)
Pt_B3O1_with_O2.xyz: Not Converged (Steps=200, Fmax=0.8114)
Pt_C1N1P1S1_with_OOH.xyz: Not Converged (Steps=200, Fmax=2.3447)
Pt_C1N2_with_O2.xyz: Not Converged (Steps=200, Fmax=0.0574)
Pt_C1N2O1-hex_with_OOH.xyz: Not Converged (Steps=200, Fmax=0.0990)
Pt_C1N2O1-opp_with_O2.xyz: Not Converged (Steps=200, Fmax=0.0226)
Pt_C1N2O1-pen_with_O2.xyz: Not Converged (Steps=200, Fmax=0.1689)
Pt_C1N2O1-pen_with_OOH.xyz: Not Converged (Steps=200, Fmax=0.0461)
Pt_C1O1S1_with_O2.xyz: Not Converged (Steps=200, Fmax=0.1059)
Tl_N1O3_with_OOH.xyz: Not Converged (Steps=200, Fmax=0.0284)
Tl_B1O1P2-hex_with_O2.xyz: Not Converged (Steps=200, Fmax=0.1203)
Tl_B1O1P2-hex_with_OOH.xyz: Not Converged (Steps=200, Fmax=0.0528)
Tl_B1O1S2-hex_with_O2.xyz: Not Converged (Steps=200, Fmax=0.0219)
Tl_B1O1S2-pen_with_OOH.xyz: Not Converged (Steps=200, Fmax=0.0600)
Tl_B1P1S2-pen_with_O2.xyz: Not Converged (Steps=200, Fmax=0.0283)
Ti_C2P1_with_OOH.xyz: Not Converged (Steps=200, Fmax=0.0311)
Ti_N1O1S2-opp_with_OOH.xyz: Not Converged (Steps=200, Fmax=0.0798)
Ti_N1P1S2-hex_with_OOH.xyz: Not Converged (Steps=200, Fmax=0.0247)
Ti_N1P1S2-opp_with_O2.xyz: Not Converged (Steps=200, Fmax=0.0690)
Ti_N1P2_with_OOH.xyz: Not Converged (Steps=200, Fmax=0.0689)
Ti_P1S2_with_OOH.xyz: Not Converged (Steps=200, Fmax=0.0504)
Tl_B1C1O2-pen_with_OOH.xyz: Not Converged (Steps=200, Fmax=0.0550)
Ti_B1P2S1-opp_with_O2.xyz: Not Converged (Steps=200, Fmax=0.2247)
Ti_B2N1P1-opp_with_O2.xyz: Not Converged (Steps=200, Fmax=0.1443)
Ti_B2N1P1-pen_with_O2.xyz: Not Converged (Steps=200, Fmax=0.1115)
Ti_B2S1_with_O2.xyz: Not Converged (Steps=200, Fmax=0.0745)
Tc_N3O1_with_O2.xyz: Not Converged (Steps=200, Fmax=0.2028)
Tc_N3O1_with_OOH.xyz: Not Converged (Steps=200, Fmax=0.0676)
Tc_O1P2S1-pen_with_O2.xyz: Not Converged (Steps=200, Fmax=0.0863)
Tc_O2P1_with_O2.xyz: Not Converged (Steps=200, Fmax=0.1484)
Tc_P2S1_with_O2.xyz: Not Converged (Steps=200, Fmax=0.0268)
Tc_P2S1_with_OOH.xyz: Not Converged (Steps=200, Fmax=0.1959)
Ti_B1C1S2-opp_with_OOH.xyz: Not Converged (Steps=200, Fmax=0.0746)
Ti_B1O1S2-hex_with_OOH.xyz: Not Converged (Steps=200, Fmax=0.4083)
Tc_C1N1S2-opp_with_O2.xyz: Not Converged (Steps=200, Fmax=0.3558)
Tc_C1O2P1-opp_with_OOH.xyz: Not Converged (Steps=200, Fmax=0.4324)
Tc_C1O2P1-pen_with_O2.xyz: Not Converged (Steps=200, Fmax=0.3213)
Tc_C1P2_with_O2.xyz: Not Converged (Steps=200, Fmax=0.1504)
Tc_C1S2_with_O2.xyz: Not Converged (Steps=200, Fmax=0.1856)
Tc_C2O2-pen_with_O2.xyz: Not Converged (Steps=200, Fmax=0.0496)
Tc_C2P2-hex_with_O2.xyz: Not Converged (Steps=200, Fmax=0.4462)
Tc_C2P2-pen_with_O2.xyz: Not Converged (Steps=200, Fmax=0.4399)
Tc_N1O1P2-hex_with_O2.xyz: Not Converged (Steps=200, Fmax=0.2834)
Tc_N1O1P2-opp_with_O2.xyz: Not Converged (Steps=200, Fmax=0.2175)
Tc_N1O1P2-opp_with_OOH.xyz: Not Converged (Steps=200, Fmax=0.2349)
Tc_N1O1P2-pen_with_O2.xyz: Not Converged (Steps=200, Fmax=0.0907)
Tc_N1O2_with_O2.xyz: Not Converged (Steps=200, Fmax=0.1076)
Tc_N1P2S1-pen_with_OOH.xyz: Not Converged (Steps=200, Fmax=0.3431)
Tc_B1N2_with_O2.xyz: Not Converged (Steps=200, Fmax=0.0854)
Tc_B1O1P1_with_O2.xyz: Not Converged (Steps=200, Fmax=0.3766)
Tc_B2C1_with_O2.xyz: Not Converged (Steps=200, Fmax=0.1954)
Tc_B4_with_O2.xyz: Not Converged (Steps=200, Fmax=0.0445)
Tc_C1N1O1_with_O2.xyz: Not Converged (Steps=200, Fmax=0.6377)
Ta_N2O1_with_O2.xyz: Not Converged (Steps=200, Fmax=0.0247)
Ta_O1P2_with_O2.xyz: Not Converged (Steps=200, Fmax=0.3258)
Ta_P3_with_O2.xyz: Not Converged (Steps=200, Fmax=0.1817)
Ta_P3_with_OOH.xyz: Not Converged (Steps=200, Fmax=0.2357)
Tc_B1C1N1P1_with_O2.xyz: Not Converged (Steps=200, Fmax=0.4922)
Ta_B2N1_with_O2.xyz: Not Converged (Steps=200, Fmax=0.2171)
Ta_B2N1P1-hex_with_O2.xyz: Not Converged (Steps=200, Fmax=0.1221)
Ta_B2N1P1-pen_with_O2.xyz: Not Converged (Steps=200, Fmax=0.1461)
Ta_B2N1S1-hex_with_O2.xyz: Not Converged (Steps=200, Fmax=0.5710)
Ta_B2O1_with_O2.xyz: Not Converged (Steps=200, Fmax=0.0665)
W_O1S3_with_O2.xyz: Not Converged (Steps=200, Fmax=0.0925)
W_O2P1_with_OOH.xyz: Not Converged (Steps=200, Fmax=0.5460)
W_O2S1_with_O2.xyz: Not Converged (Steps=200, Fmax=0.1715)
W_O3S1_with_O2.xyz: Not Converged (Steps=200, Fmax=0.0306)
W_O4_with_O2.xyz: Not Converged (Steps=200, Fmax=0.1310)
Y_B1C1O2-opp_with_O2.xyz: Not Converged (Steps=200, Fmax=0.0163)
Y_B1C3_with_O2.xyz: Not Converged (Steps=200, Fmax=0.1318)
Y_B1N1P2-hex_with_O2.xyz: Not Converged (Steps=200, Fmax=0.1603)
Y_B1N1P2-opp_with_O2.xyz: Not Converged (Steps=200, Fmax=0.1271)
Y_B1N1P2-pen_with_O2.xyz: Not Converged (Steps=200, Fmax=0.1083)
Y_B1N1S2-hex_with_O2.xyz: Not Converged (Steps=200, Fmax=0.0842)
Y_B1N1S2-opp_with_O2.xyz: Not Converged (Steps=200, Fmax=0.0550)
Y_B1N1S2-pen_with_O2.xyz: Not Converged (Steps=200, Fmax=0.1489)
Y_B1N3_with_O2.xyz: Not Converged (Steps=200, Fmax=0.0511)
Y_B1P1S1_with_O2.xyz: Not Converged (Steps=200, Fmax=0.0679)
Y_B1P2S1-hex_with_O2.xyz: Not Converged (Steps=200, Fmax=0.0630)
Y_B1P2S1-opp_with_O2.xyz: Not Converged (Steps=200, Fmax=0.0599)
Y_B1P2S1-pen_with_O2.xyz: Not Converged (Steps=200, Fmax=0.0575)
Y_B1S2_with_O2.xyz: Not Converged (Steps=200, Fmax=0.0415)
W_C1O2_with_OOH.xyz: Not Converged (Steps=200, Fmax=0.3648)
W_C1O2S1-hex_with_O2.xyz: Not Converged (Steps=200, Fmax=0.0737)
W_C2O2-hex_with_O2.xyz: Not Converged (Steps=200, Fmax=0.2325)
W_C2O2-pen_with_O2.xyz: Not Converged (Steps=200, Fmax=0.2092)
W_N1O1P2-opp_with_OOH.xyz: Not Converged (Steps=200, Fmax=0.0260)
W_N1O1P2-pen_with_O2.xyz: Not Converged (Steps=200, Fmax=0.1058)
W_N1O1P2-pen_with_OOH.xyz: Not Converged (Steps=200, Fmax=0.0601)
W_N1O2S1-hex_with_O2.xyz: Not Converged (Steps=200, Fmax=0.0766)
W_N1O2S1-opp_with_O2.xyz: Not Converged (Steps=200, Fmax=0.1636)
W_N1O2S1-pen_with_OOH.xyz: Not Converged (Steps=200, Fmax=0.0871)
W_N1O3_with_O2.xyz: Not Converged (Steps=200, Fmax=0.0779)
W_B1N1O2-opp_with_O2.xyz: Not Converged (Steps=200, Fmax=0.0494)
W_B1O2_with_OOH.xyz: Not Converged (Steps=200, Fmax=0.0358)
W_B1O3_with_O2.xyz: Not Converged (Steps=200, Fmax=0.0536)
W_B1P2_with_O2.xyz: Not Converged (Steps=200, Fmax=0.0483)
W_B2P1_with_OOH.xyz: Not Converged (Steps=200, Fmax=0.0545)
W_B2S1_with_O2.xyz: Not Converged (Steps=200, Fmax=0.0833)
Ru_C2N1S1-pen_with_O2.xyz: Not Converged (Steps=200, Fmax=1039684.3791)
V_N2O1P1-hex_with_OOH.xyz: Not Converged (Steps=200, Fmax=0.1004)
V_N2O1P1-opp_with_OOH.xyz: Not Converged (Steps=200, Fmax=0.3452)
V_N2O1S1-opp_with_OOH.xyz: Not Converged (Steps=200, Fmax=0.5179)
V_N2O1S1-pen_with_O2.xyz: Not Converged (Steps=200, Fmax=0.1938)
V_O1P2_with_OOH.xyz: Not Converged (Steps=200, Fmax=0.0303)
Ru_C2N2-hex_with_O2.xyz: Not Converged (Steps=200, Fmax=2554790.2053)
V_C1O1P2-opp_with_OOH.xyz: Not Converged (Steps=200, Fmax=0.0650)
V_C1O1P2-pen_with_OOH.xyz: Not Converged (Steps=200, Fmax=0.0228)
V_C1S3_with_OOH.xyz: Not Converged (Steps=200, Fmax=0.0337)
V_C2O1P1-opp_with_OOH.xyz: Not Converged (Steps=200, Fmax=0.0221)
Ru_C2N2-opp_with_O2.xyz: Not Converged (Steps=200, Fmax=1495215.9483)
Tl_N2S2-opp_with_OOH.xyz: Not Converged (Steps=200, Fmax=0.0275)
Tl_N2S2-pen_with_OOH.xyz: Not Converged (Steps=200, Fmax=0.0286)
Tl_O1P1S1_with_O2.xyz: Not Converged (Steps=200, Fmax=0.1007)
Tl_S3_with_OOH.xyz: Not Converged (Steps=200, Fmax=0.0268)
V_B1O1P2-hex_with_OOH.xyz: Not Converged (Steps=200, Fmax=0.0397)
V_B1O1P2-opp_with_O2.xyz: Not Converged (Steps=200, Fmax=0.0830)
V_B1O1P2-opp_with_OOH.xyz: Not Converged (Steps=200, Fmax=0.0318)
Ru_C2N2-pen_with_O2.xyz: Not Converged (Steps=200, Fmax=2279805.4185)
Tl_C1N1P1_with_OOH.xyz: Not Converged (Steps=200, Fmax=0.0764)
Tl_C1O1S1_with_O2.xyz: Not Converged (Steps=200, Fmax=0.0208)
Tl_C1O1S1_with_OOH.xyz: Not Converged (Steps=200, Fmax=0.0250)
Tl_C1P1S2-pen_with_OOH.xyz: Not Converged (Steps=200, Fmax=0.0209)
Tl_C2N1_with_OOH.xyz: Not Converged (Steps=200, Fmax=0.0739)
Pt_C1O2P1-opp_with_OOH.xyz: Not Converged (Steps=200, Fmax=0.0788)
Ru_C1O1P1_with_O2.xyz: Not Converged (Steps=200, Fmax=0.0807)
Ru_C1O1P1_with_OOH.xyz: Not Converged (Steps=200, Fmax=0.0216)
Ru_C1O2S1-hex_with_O2.xyz: Not Converged (Steps=200, Fmax=0.9010)
Zr_C2N1S1-hex_with_O2.xyz: Not Converged (Steps=200, Fmax=40419247.9994)
Zr_C2N1S1-opp_with_O2.xyz: Not Converged (Steps=200, Fmax=26696979.8519)
Zr_C2N1S1-pen_with_O2.xyz: Not Converged (Steps=200, Fmax=9775234.3197)
Zr_C3N1_with_O2.xyz: Not Converged (Steps=200, Fmax=24197774.1561)
Zr_C3P1_with_O2.xyz: Not Converged (Steps=200, Fmax=50812670.7553)
Zr_C4_with_O2.xyz: Not Converged (Steps=200, Fmax=10323029.8467)
Zr_N1O1P1S1_with_O2.xyz: Not Converged (Steps=200, Fmax=12773846.8904)
Zr_N1O2S1-opp_with_O2.xyz: Not Converged (Steps=200, Fmax=15896331.9345)
Zr_N2O2-hex_with_O2.xyz: Not Converged (Steps=200, Fmax=8712436.6369)
Zr_N2O2-opp_with_O2.xyz: Not Converged (Steps=200, Fmax=37542292.0847)
Zr_N2O2-pen_with_O2.xyz: Not Converged (Steps=200, Fmax=49631843.0158)
Zr_N2P1_with_O2.xyz: Not Converged (Steps=200, Fmax=14020748.2048)
Zr_N2S2-hex_with_O2.xyz: Not Converged (Steps=200, Fmax=19775125.5833)
Zr_N2S2-opp_with_O2.xyz: Not Converged (Steps=200, Fmax=618634841.4881)
Zr_N2S2-pen_with_O2.xyz: Not Converged (Steps=200, Fmax=154955734.4999)
Zr_O1S3_with_OOH.xyz: Not Converged (Steps=200, Fmax=0.0789)
Zr_O2P1_with_O2.xyz: Not Converged (Steps=200, Fmax=252620078.4084)
Zr_O2P2-hex_with_O2.xyz: Not Converged (Steps=200, Fmax=13388827.5339)
Zr_O2P2-opp_with_O2.xyz: Not Converged (Steps=200, Fmax=25754437.0382)
Zr_O2P2-pen_with_O2.xyz: Not Converged (Steps=200, Fmax=27411321.8434)
Ru_C1O2S1-opp_with_O2.xyz: Not Converged (Steps=200, Fmax=0.0494)
Zr_B1P1S1_with_O2.xyz: Not Converged (Steps=200, Fmax=45613206.7085)
Zr_B1P2_with_OOH.xyz: Not Converged (Steps=200, Fmax=0.0480)
Zr_B2N2-hex_with_O2.xyz: Not Converged (Steps=200, Fmax=10317183.2536)
Zr_B2N2-opp_with_O2.xyz: Not Converged (Steps=200, Fmax=81981387.9047)
Zr_B2N2-pen_with_O2.xyz: Not Converged (Steps=200, Fmax=13637903.8068)
Zr_B2P1_with_O2.xyz: Not Converged (Steps=200, Fmax=12060334.1462)
Zr_B2P1_with_OOH.xyz: Not Converged (Steps=200, Fmax=0.1079)
Zr_B2P1S1-hex_with_O2.xyz: Not Converged (Steps=200, Fmax=0.6660)
Zr_B2P1S1-opp_with_O2.xyz: Not Converged (Steps=200, Fmax=0.1714)
Zr_B2P1S1-pen_with_O2.xyz: Not Converged (Steps=200, Fmax=15250212.1363)
Zr_B3C1_with_O2.xyz: Not Converged (Steps=200, Fmax=8640444.2119)
Zr_C1N2O1-hex_with_O2.xyz: Not Converged (Steps=200, Fmax=20475923.9832)
Zr_C1N2O1-opp_with_O2.xyz: Not Converged (Steps=200, Fmax=16380817.9789)
Zr_C1N2O1-pen_with_O2.xyz: Not Converged (Steps=200, Fmax=9774178.1841)
Zr_C1N3_with_O2.xyz: Not Converged (Steps=200, Fmax=18348207.4958)
Zr_C1O1S2-hex_with_O2.xyz: Not Converged (Steps=200, Fmax=3397693.3390)
Zr_C1O1S2-opp_with_O2.xyz: Not Converged (Steps=200, Fmax=12241669.0914)
Zr_C1O1S2-pen_with_O2.xyz: Not Converged (Steps=200, Fmax=15239934.2648)
Zr_C1O3_with_O2.xyz: Not Converged (Steps=200, Fmax=23728120.1081)
Ru_C1O2S1-pen_with_O2.xyz: Not Converged (Steps=200, Fmax=0.1542)
Zn_N3O1_with_O2.xyz: Not Converged (Steps=200, Fmax=2349691.1888)
Zn_O3_with_OOH.xyz: Not Converged (Steps=200, Fmax=0.1051)
Zn_O4_with_O2.xyz: Not Converged (Steps=200, Fmax=0.1550)
Zr_B1C1O1P1_with_O2.xyz: Not Converged (Steps=200, Fmax=28206049.3750)
Zr_B1C1O2-hex_with_O2.xyz: Not Converged (Steps=200, Fmax=5187329.2391)
Zr_B1C1O2-opp_with_O2.xyz: Not Converged (Steps=200, Fmax=23505524.0609)
Zr_B1C1O2-pen_with_O2.xyz: Not Converged (Steps=200, Fmax=23916350.3887)
Zr_B1C1P2-hex_with_O2.xyz: Not Converged (Steps=200, Fmax=0.1300)
Zr_B1C1P2-opp_with_O2.xyz: Not Converged (Steps=200, Fmax=0.0784)
Zr_B1C1P2-pen_with_O2.xyz: Not Converged (Steps=200, Fmax=0.3589)
Zr_B1C3_with_O2.xyz: Not Converged (Steps=200, Fmax=6793217.2094)
Zr_B1N3_with_O2.xyz: Not Converged (Steps=200, Fmax=26573732.6076)
Ru_C1O3_with_O2.xyz: Not Converged (Steps=200, Fmax=0.2238)
Ru_C1P2_with_O2.xyz: Not Converged (Steps=200, Fmax=0.0514)
Zn_C1P1S2-pen_with_O2.xyz: Not Converged (Steps=200, Fmax=0.0389)
Zn_C1P1S2-pen_with_OOH.xyz: Not Converged (Steps=200, Fmax=0.0253)
Zn_C1S2_with_O2.xyz: Not Converged (Steps=200, Fmax=1846836.6365)
Zn_C1S3_with_O2.xyz: Not Converged (Steps=200, Fmax=0.0843)
Zn_C2N1_with_O2.xyz: Not Converged (Steps=200, Fmax=1009143.4102)
Zn_C3O1_with_O2.xyz: Not Converged (Steps=200, Fmax=677017.8530)
Zn_N1P1S1_with_O2.xyz: Not Converged (Steps=200, Fmax=2567047.2126)
Zn_N1P2S1-hex_with_O2.xyz: Not Converged (Steps=200, Fmax=0.1563)
Zn_N2O1_with_O2.xyz: Not Converged (Steps=200, Fmax=683413.9809)
Ru_C2N1O1-pen_with_O2.xyz: Not Converged (Steps=200, Fmax=0.2714)
Zn_B1O1P2-hex_with_O2.xyz: Not Converged (Steps=200, Fmax=0.1046)
Zn_B2N1O1-hex_with_O2.xyz: Not Converged (Steps=200, Fmax=0.1703)
Zn_B2N1O1-opp_with_O2.xyz: Not Converged (Steps=200, Fmax=0.1599)
Zn_B2N1O1-opp_with_OOH.xyz: Not Converged (Steps=200, Fmax=1.1717)
Zn_B2N1S1-hex_with_O2.xyz: Not Converged (Steps=200, Fmax=0.5416)
Zn_B2N1S1-opp_with_O2.xyz: Not Converged (Steps=200, Fmax=0.0205)
Zn_B2P1S1-opp_with_O2.xyz: Not Converged (Steps=200, Fmax=2619709.1372)
Zn_B2P2-hex_with_O2.xyz: Not Converged (Steps=200, Fmax=0.0583)
Zn_B2P2-opp_with_O2.xyz: Not Converged (Steps=200, Fmax=2499979.1289)
Zn_C1N1O2-hex_with_O2.xyz: Not Converged (Steps=200, Fmax=9083330.4470)
Zn_C1N1O2-opp_with_O2.xyz: Not Converged (Steps=200, Fmax=2357498.2230)
Zn_C1N1O2-pen_with_O2.xyz: Not Converged (Steps=200, Fmax=2445372.2189)
Y_C3N1_with_O2.xyz: Not Converged (Steps=200, Fmax=0.1352)
Y_C3O1_with_O2.xyz: Not Converged (Steps=200, Fmax=0.1556)
Y_C3P1_with_O2.xyz: Not Converged (Steps=200, Fmax=0.1439)
Y_N1O1P1S1_with_O2.xyz: Not Converged (Steps=200, Fmax=0.0779)
Y_N1O1S1_with_O2.xyz: Not Converged (Steps=200, Fmax=0.1893)
Y_N1O2_with_O2.xyz: Not Converged (Steps=200, Fmax=0.0886)
Y_N1O2_with_OOH.xyz: Not Converged (Steps=200, Fmax=0.0324)
Y_N1P1S1_with_O2.xyz: Not Converged (Steps=200, Fmax=0.1187)
Y_O1P1S2-pen_with_OOH.xyz: Not Converged (Steps=200, Fmax=0.0762)
Y_O3S1_with_O2.xyz: Not Converged (Steps=200, Fmax=0.0627)
Zn_B1C2O1-hex_with_O2.xyz: Not Converged (Steps=200, Fmax=171002797.5081)
Zn_B1C2O1-opp_with_O2.xyz: Not Converged (Steps=200, Fmax=12621144.9459)
Y_B2S2-hex_with_O2.xyz: Not Converged (Steps=200, Fmax=0.0329)
Y_B2S2-opp_with_O2.xyz: Not Converged (Steps=200, Fmax=0.0589)
Y_C1N1O2-hex_with_O2.xyz: Not Converged (Steps=200, Fmax=0.0279)
Y_C1N1O2-opp_with_O2.xyz: Not Converged (Steps=200, Fmax=0.1293)
Y_C1N1O2-pen_with_O2.xyz: Not Converged (Steps=200, Fmax=0.2904)
Y_C2N1_with_O2.xyz: Not Converged (Steps=200, Fmax=0.0607)
Y_C2O1P1-hex_with_O2.xyz: Not Converged (Steps=200, Fmax=0.0327)
Y_C2O1P1-opp_with_O2.xyz: Not Converged (Steps=200, Fmax=0.0930)
Y_C2O1P1-pen_with_O2.xyz: Not Converged (Steps=200, Fmax=0.0749)
W_O1P2_with_O2.xyz: Not Converged (Steps=200, Fmax=0.1936)
W_O1P2_with_OOH.xyz: Not Converged (Steps=200, Fmax=0.1300)
Pt_C1O2P1-pen_with_O2.xyz: Not Converged (Steps=200, Fmax=3866329.8321)
Pt_C1O2P1-pen_with_OOH.xyz: Not Converged (Steps=200, Fmax=0.0355)
Pt_C1P3_with_O2.xyz: Not Converged (Steps=200, Fmax=406897.1647)
Pt_C2N1O1-hex_with_O2.xyz: Not Converged (Steps=200, Fmax=0.3143)
Pt_C2N1O1-opp_with_O2.xyz: Not Converged (Steps=200, Fmax=0.0569)
Pt_C2N1O1-pen_with_O2.xyz: Not Converged (Steps=200, Fmax=0.3944)
Pt_C2N1P1-pen_with_O2.xyz: Not Converged (Steps=200, Fmax=2899150.9816)
Ru_B1C2N1-opp_with_O2.xyz: Not Converged (Steps=200, Fmax=0.1714)
Ru_B1C2N1-pen_with_O2.xyz: Not Converged (Steps=200, Fmax=0.0265)
Rh_C2O2-hex_with_O2.xyz: Not Converged (Steps=200, Fmax=3377939.4908)
Rh_C2O2-pen_with_O2.xyz: Not Converged (Steps=200, Fmax=4682466.9451)
Rh_N1O1S1_with_O2.xyz: Not Converged (Steps=200, Fmax=0.0474)
Rh_N1O1S1_with_OOH.xyz: Not Converged (Steps=200, Fmax=0.0234)
Rh_N1P3_with_O2.xyz: Not Converged (Steps=200, Fmax=0.0204)
Rh_N2P2-hex_with_OOH.xyz: Not Converged (Steps=200, Fmax=0.0360)
Rh_N3O1_with_O2.xyz: Not Converged (Steps=200, Fmax=3337257.8721)
Rh_N4_with_O2.xyz: Not Converged (Steps=200, Fmax=4221658.0647)
Rh_O1P1S1_with_O2.xyz: Not Converged (Steps=200, Fmax=5864515.8814)
Rh_O1P1S1_with_OOH.xyz: Not Converged (Steps=200, Fmax=0.0766)
Rh_O4_with_O2.xyz: Not Converged (Steps=200, Fmax=1645534.7547)
Rh_P4_with_O2.xyz: Not Converged (Steps=200, Fmax=0.0901)
Ru_B1C1P2-hex_with_O2.xyz: Not Converged (Steps=200, Fmax=0.1279)
Ru_B1C1P2-opp_with_O2.xyz: Not Converged (Steps=200, Fmax=0.0530)
Ru_B1C1S1_with_O2.xyz: Not Converged (Steps=200, Fmax=0.0760)
Rh_B2P1_with_O2.xyz: Not Converged (Steps=200, Fmax=6132907.4219)
Rh_B3O1_with_O2.xyz: Not Converged (Steps=200, Fmax=8360211.7610)
Rh_C1N1O1P1_with_OOH.xyz: Not Converged (Steps=200, Fmax=0.0507)
Rh_C1O2P1-hex_with_O2.xyz: Not Converged (Steps=200, Fmax=0.0526)
Rh_C1O2P1-hex_with_OOH.xyz: Not Converged (Steps=200, Fmax=0.7452)
Rh_C2N2-hex_with_O2.xyz: Not Converged (Steps=200, Fmax=4535152.2876)
Rh_C2N2-opp_with_O2.xyz: Not Converged (Steps=200, Fmax=34003598.3634)
Rh_C2N2-pen_with_O2.xyz: Not Converged (Steps=200, Fmax=4349491.8943)
Re_P2S2-hex_with_O2.xyz: Not Converged (Steps=200, Fmax=0.0365)
Re_P2S2-opp_with_O2.xyz: Not Converged (Steps=200, Fmax=8373744.3754)
Re_P2S2-pen_with_O2.xyz: Not Converged (Steps=200, Fmax=0.0358)
Rh_B1C1P1S1_with_O2.xyz: Not Converged (Steps=200, Fmax=45010188.9610)
Rh_B1C1P2-hex_with_O2.xyz: Not Converged (Steps=200, Fmax=6541103.5087)
Rh_B1C1P2-opp_with_O2.xyz: Not Converged (Steps=200, Fmax=2137337.2060)
Rh_B1C2P1-hex_with_O2.xyz: Not Converged (Steps=200, Fmax=44205509.2607)
Rh_B1C2P1-opp_with_O2.xyz: Not Converged (Steps=200, Fmax=2081288.0660)
Rh_B1C2P1-pen_with_O2.xyz: Not Converged (Steps=200, Fmax=4051118.1307)
Rh_B1N1P1_with_O2.xyz: Not Converged (Steps=200, Fmax=37677808.6575)
Re_C2N2-hex_with_O2.xyz: Not Converged (Steps=200, Fmax=9509079.7690)
Re_C2N2-opp_with_O2.xyz: Not Converged (Steps=200, Fmax=7880429.5272)
Re_C2N2-pen_with_O2.xyz: Not Converged (Steps=200, Fmax=6145003.6337)
Re_N1O1S2-pen_with_O2.xyz: Not Converged (Steps=200, Fmax=0.1316)
Re_N1O3_with_O2.xyz: Not Converged (Steps=200, Fmax=10871560.4873)
Re_N2P2-hex_with_O2.xyz: Not Converged (Steps=200, Fmax=3388076.0855)
Re_N2P2-pen_with_O2.xyz: Not Converged (Steps=200, Fmax=6210205.9147)
Re_N2S2-hex_with_OOH.xyz: Not Converged (Steps=200, Fmax=0.7598)
Re_B1N1P2-hex_with_O2.xyz: Not Converged (Steps=200, Fmax=0.0900)
Re_B1N1P2-hex_with_OOH.xyz: Not Converged (Steps=200, Fmax=0.0581)
Re_B1N1P2-opp_with_O2.xyz: Not Converged (Steps=200, Fmax=17826093.9126)
Re_B1N1P2-opp_with_OOH.xyz: Not Converged (Steps=200, Fmax=0.0566)
Re_B1N1P2-pen_with_O2.xyz: Not Converged (Steps=200, Fmax=4922215.9817)
Re_B1N1P2-pen_with_OOH.xyz: Not Converged (Steps=200, Fmax=0.1950)
Re_B1O2_with_O2.xyz: Not Converged (Steps=200, Fmax=33146230.2818)
Re_B1O2S1-hex_with_O2.xyz: Not Converged (Steps=200, Fmax=6755487.2198)
Re_B1O2S1-opp_with_O2.xyz: Not Converged (Steps=200, Fmax=0.4623)
Re_B1O3_with_O2.xyz: Not Converged (Steps=200, Fmax=3877506.5041)
Re_B2C1N1-hex_with_O2.xyz: Not Converged (Steps=200, Fmax=36068262.2329)
Re_B2C1N1-opp_with_O2.xyz: Not Converged (Steps=200, Fmax=0.9179)
Re_B2C1N1-pen_with_O2.xyz: Not Converged (Steps=200, Fmax=25851113.4013)
Re_B2P2-hex_with_O2.xyz: Not Converged (Steps=200, Fmax=0.3493)
Re_B2P2-opp_with_O2.xyz: Not Converged (Steps=200, Fmax=5931667.0072)
Re_B2P2-pen_with_O2.xyz: Not Converged (Steps=200, Fmax=5600534.6251)
Re_B2S1_with_O2.xyz: Not Converged (Steps=200, Fmax=1605723.4282)
Pt_N1P1S2-hex_with_OOH.xyz: Not Converged (Steps=200, Fmax=0.0306)
Pt_N1P1S2-opp_with_OOH.xyz: Not Converged (Steps=200, Fmax=0.0337)
Pt_N2P2-hex_with_OOH.xyz: Not Converged (Steps=200, Fmax=0.0215)
Pt_N2P2-opp_with_O2.xyz: Not Converged (Steps=200, Fmax=0.0291)
Pt_N4_with_O2.xyz: Not Converged (Steps=200, Fmax=0.0893)
Pt_O3P1_with_O2.xyz: Not Converged (Steps=200, Fmax=1083531.7136)
Re_B1C1N1_with_O2.xyz: Not Converged (Steps=200, Fmax=515818.3646)
Re_B1C1O1P1_with_O2.xyz: Not Converged (Steps=200, Fmax=13493295.8164)
Re_B1C1S1_with_O2.xyz: Not Converged (Steps=200, Fmax=25531141.3921)
Re_B1C2N1-hex_with_O2.xyz: Not Converged (Steps=200, Fmax=18019206.3271)
Re_B1C2N1-hex_with_OOH.xyz: Not Converged (Steps=200, Fmax=0.0301)
Re_B1C2N1-opp_with_O2.xyz: Not Converged (Steps=200, Fmax=5691638.0245)
Re_B1C2N1-opp_with_OOH.xyz: Not Converged (Steps=200, Fmax=0.1089)
Re_B1C2N1-pen_with_O2.xyz: Not Converged (Steps=200, Fmax=15676067.3645)
Re_B1N1O1_with_O2.xyz: Not Converged (Steps=200, Fmax=3700678.1592)
Re_B1N1O1_with_OOH.xyz: Not Converged (Steps=200, Fmax=0.0433)
Re_B1N1O1P1_with_O2.xyz: Not Converged (Steps=200, Fmax=12667622.2018)
Ru_B2O1S1-opp_with_O2.xyz: Not Converged (Steps=200, Fmax=931557.3836)
Ru_B2O1S1-pen_with_O2.xyz: Not Converged (Steps=200, Fmax=1938593.5235)
Ru_B2P1S1-hex_with_O2.xyz: Not Converged (Steps=200, Fmax=1.9188)
Ru_B2P1S1-opp_with_O2.xyz: Not Converged (Steps=200, Fmax=0.2454)
Ru_B2P1S1-pen_with_O2.xyz: Not Converged (Steps=200, Fmax=0.6333)
Ru_C1N1O1P1_with_O2.xyz: Not Converged (Steps=200, Fmax=1.1833)
Ru_C1N1P1_with_O2.xyz: Not Converged (Steps=200, Fmax=0.1248)
